[debug] [2023-07-23T23:58:08.148Z] ----------------------------------------------------------------------
[debug] [2023-07-23T23:58:08.150Z] Command:       /usr/local/bin/firebase /Users/austinwest/.cache/firebase/tools/lib/node_modules/firebase-tools/lib/bin/firebase init
[debug] [2023-07-23T23:58:08.150Z] CLI Version:   12.4.5
[debug] [2023-07-23T23:58:08.150Z] Platform:      darwin
[debug] [2023-07-23T23:58:08.150Z] Node Version:  v16.16.0
[debug] [2023-07-23T23:58:08.157Z] Time:          Sun Jul 23 2023 19:58:08 GMT-0400 (Eastern Daylight Time)
[debug] [2023-07-23T23:58:08.157Z] ----------------------------------------------------------------------
[debug] 
[debug] [2023-07-23T23:58:08.163Z] > command requires scopes: ["email","openid","https://www.googleapis.com/auth/cloudplatformprojects.readonly","https://www.googleapis.com/auth/firebase","https://www.googleapis.com/auth/cloud-platform"]
[debug] [2023-07-23T23:58:08.164Z] > authorizing via signed-in user (austinwwest@gmail.com)
[info] 
     ######## #### ########  ######## ########     ###     ######  ########
     ##        ##  ##     ## ##       ##     ##  ##   ##  ##       ##
     ######    ##  ########  ######   ########  #########  ######  ######
     ##        ##  ##    ##  ##       ##     ## ##     ##       ## ##
     ##       #### ##     ## ######## ########  ##     ##  ######  ########

You're about to initialize a Firebase project in this directory:

  /Users/austinwest/Documents/Programming/Twitter/twitter-clone

[info] 
=== Project Setup
[info] 
[info] First, let's associate this project directory with a Firebase project.
[info] You can create multiple project aliases by running firebase use --add, 
[info] but for now we'll just set up a default project.
[info] 
